wandb not installed, will not log to wandb
Training pRNN on cpu...
loss: 0.025, sparsity: 4.3, meanrate: 0.38 [    0\   50]
loss: 0.021, sparsity: 4.3, meanrate: 0.39 [    5\   50]
loss: 0.017, sparsity: 4.4, meanrate: 0.4 [   10\   50]
loss: 0.016, sparsity: 4.5, meanrate: 0.4 [   15\   50]
loss: 0.017, sparsity: 4.5, meanrate: 0.41 [   20\   50]
loss: 0.016, sparsity: 4.4, meanrate: 0.41 [   25\   50]
loss: 0.017, sparsity: 4.4, meanrate: 0.41 [   30\   50]
loss: 0.016, sparsity: 4.5, meanrate: 0.41 [   35\   50]
loss: 0.016, sparsity: 4.5, meanrate: 0.41 [   40\   50]
loss: 0.016, sparsity: 4.5, meanrate: 0.41 [   45\   50]
loss: 0.017, sparsity: 4.5, meanrate: 0.41 [   49\   50]
Epoch Complete. Back to the cpu
Training Decoder on cpu...
loss: 5.883695 [    0\ 5000]
loss: 4.276201 [  500\ 5000]
loss: 3.938964 [ 1000\ 5000]
loss: 3.705429 [ 1500\ 5000]
loss: 3.547260 [ 2000\ 5000]
loss: 3.422191 [ 2500\ 5000]
loss: 3.313681 [ 3000\ 5000]
loss: 3.261675 [ 3500\ 5000]
loss: 3.200219 [ 4000\ 5000]
loss: 3.141845 [ 4500\ 5000]
loss: 3.092170 [ 4999\ 5000]
Training Complete. Back to the cpu
