wandb not installed, will not log to wandb
inside the init function of NextStepRNN...
<class 'torch.Tensor'> <class 'torch.Tensor'> <class 'torch.Tensor'> <class 'NoneType'> <class 'bool'> <class 'bool'>
Training pRNN on cpu...
<class 'torch.Tensor'> <class 'torch.Tensor'> <class 'torch.Tensor'> <class 'NoneType'> <class 'bool'> <class 'bool'>
loss: 0.027, sparsity: 4.1, meanrate: 0.38 [    0\   50]
<class 'torch.Tensor'> <class 'torch.Tensor'> <class 'torch.Tensor'> <class 'NoneType'> <class 'bool'> <class 'bool'>
<class 'torch.Tensor'> <class 'torch.Tensor'> <class 'torch.Tensor'> <class 'NoneType'> <class 'bool'> <class 'bool'>
<class 'torch.Tensor'> <class 'torch.Tensor'> <class 'torch.Tensor'> <class 'NoneType'> <class 'bool'> <class 'bool'>
<class 'torch.Tensor'> <class 'torch.Tensor'> <class 'torch.Tensor'> <class 'NoneType'> <class 'bool'> <class 'bool'>
<class 'torch.Tensor'> <class 'torch.Tensor'> <class 'torch.Tensor'> <class 'NoneType'> <class 'bool'> <class 'bool'>
loss: 0.018, sparsity: 4.3, meanrate: 0.4 [    5\   50]
<class 'torch.Tensor'> <class 'torch.Tensor'> <class 'torch.Tensor'> <class 'NoneType'> <class 'bool'> <class 'bool'>
<class 'torch.Tensor'> <class 'torch.Tensor'> <class 'torch.Tensor'> <class 'NoneType'> <class 'bool'> <class 'bool'>
<class 'torch.Tensor'> <class 'torch.Tensor'> <class 'torch.Tensor'> <class 'NoneType'> <class 'bool'> <class 'bool'>
<class 'torch.Tensor'> <class 'torch.Tensor'> <class 'torch.Tensor'> <class 'NoneType'> <class 'bool'> <class 'bool'>
<class 'torch.Tensor'> <class 'torch.Tensor'> <class 'torch.Tensor'> <class 'NoneType'> <class 'bool'> <class 'bool'>
loss: 0.016, sparsity: 4.5, meanrate: 0.4 [   10\   50]
<class 'torch.Tensor'> <class 'torch.Tensor'> <class 'torch.Tensor'> <class 'NoneType'> <class 'bool'> <class 'bool'>
<class 'torch.Tensor'> <class 'torch.Tensor'> <class 'torch.Tensor'> <class 'NoneType'> <class 'bool'> <class 'bool'>
<class 'torch.Tensor'> <class 'torch.Tensor'> <class 'torch.Tensor'> <class 'NoneType'> <class 'bool'> <class 'bool'>
<class 'torch.Tensor'> <class 'torch.Tensor'> <class 'torch.Tensor'> <class 'NoneType'> <class 'bool'> <class 'bool'>
<class 'torch.Tensor'> <class 'torch.Tensor'> <class 'torch.Tensor'> <class 'NoneType'> <class 'bool'> <class 'bool'>
loss: 0.017, sparsity: 4.6, meanrate: 0.41 [   15\   50]
<class 'torch.Tensor'> <class 'torch.Tensor'> <class 'torch.Tensor'> <class 'NoneType'> <class 'bool'> <class 'bool'>
<class 'torch.Tensor'> <class 'torch.Tensor'> <class 'torch.Tensor'> <class 'NoneType'> <class 'bool'> <class 'bool'>
<class 'torch.Tensor'> <class 'torch.Tensor'> <class 'torch.Tensor'> <class 'NoneType'> <class 'bool'> <class 'bool'>
<class 'torch.Tensor'> <class 'torch.Tensor'> <class 'torch.Tensor'> <class 'NoneType'> <class 'bool'> <class 'bool'>
<class 'torch.Tensor'> <class 'torch.Tensor'> <class 'torch.Tensor'> <class 'NoneType'> <class 'bool'> <class 'bool'>
loss: 0.018, sparsity: 4.7, meanrate: 0.41 [   20\   50]
<class 'torch.Tensor'> <class 'torch.Tensor'> <class 'torch.Tensor'> <class 'NoneType'> <class 'bool'> <class 'bool'>
<class 'torch.Tensor'> <class 'torch.Tensor'> <class 'torch.Tensor'> <class 'NoneType'> <class 'bool'> <class 'bool'>
<class 'torch.Tensor'> <class 'torch.Tensor'> <class 'torch.Tensor'> <class 'NoneType'> <class 'bool'> <class 'bool'>
<class 'torch.Tensor'> <class 'torch.Tensor'> <class 'torch.Tensor'> <class 'NoneType'> <class 'bool'> <class 'bool'>
<class 'torch.Tensor'> <class 'torch.Tensor'> <class 'torch.Tensor'> <class 'NoneType'> <class 'bool'> <class 'bool'>
loss: 0.015, sparsity: 4.8, meanrate: 0.41 [   25\   50]
<class 'torch.Tensor'> <class 'torch.Tensor'> <class 'torch.Tensor'> <class 'NoneType'> <class 'bool'> <class 'bool'>
<class 'torch.Tensor'> <class 'torch.Tensor'> <class 'torch.Tensor'> <class 'NoneType'> <class 'bool'> <class 'bool'>
<class 'torch.Tensor'> <class 'torch.Tensor'> <class 'torch.Tensor'> <class 'NoneType'> <class 'bool'> <class 'bool'>
<class 'torch.Tensor'> <class 'torch.Tensor'> <class 'torch.Tensor'> <class 'NoneType'> <class 'bool'> <class 'bool'>
<class 'torch.Tensor'> <class 'torch.Tensor'> <class 'torch.Tensor'> <class 'NoneType'> <class 'bool'> <class 'bool'>
loss: 0.015, sparsity: 4.8, meanrate: 0.41 [   30\   50]
<class 'torch.Tensor'> <class 'torch.Tensor'> <class 'torch.Tensor'> <class 'NoneType'> <class 'bool'> <class 'bool'>
<class 'torch.Tensor'> <class 'torch.Tensor'> <class 'torch.Tensor'> <class 'NoneType'> <class 'bool'> <class 'bool'>
<class 'torch.Tensor'> <class 'torch.Tensor'> <class 'torch.Tensor'> <class 'NoneType'> <class 'bool'> <class 'bool'>
<class 'torch.Tensor'> <class 'torch.Tensor'> <class 'torch.Tensor'> <class 'NoneType'> <class 'bool'> <class 'bool'>
<class 'torch.Tensor'> <class 'torch.Tensor'> <class 'torch.Tensor'> <class 'NoneType'> <class 'bool'> <class 'bool'>
loss: 0.015, sparsity: 4.6, meanrate: 0.41 [   35\   50]
<class 'torch.Tensor'> <class 'torch.Tensor'> <class 'torch.Tensor'> <class 'NoneType'> <class 'bool'> <class 'bool'>
<class 'torch.Tensor'> <class 'torch.Tensor'> <class 'torch.Tensor'> <class 'NoneType'> <class 'bool'> <class 'bool'>
<class 'torch.Tensor'> <class 'torch.Tensor'> <class 'torch.Tensor'> <class 'NoneType'> <class 'bool'> <class 'bool'>
<class 'torch.Tensor'> <class 'torch.Tensor'> <class 'torch.Tensor'> <class 'NoneType'> <class 'bool'> <class 'bool'>
<class 'torch.Tensor'> <class 'torch.Tensor'> <class 'torch.Tensor'> <class 'NoneType'> <class 'bool'> <class 'bool'>
loss: 0.015, sparsity: 4.8, meanrate: 0.41 [   40\   50]
<class 'torch.Tensor'> <class 'torch.Tensor'> <class 'torch.Tensor'> <class 'NoneType'> <class 'bool'> <class 'bool'>
<class 'torch.Tensor'> <class 'torch.Tensor'> <class 'torch.Tensor'> <class 'NoneType'> <class 'bool'> <class 'bool'>
<class 'torch.Tensor'> <class 'torch.Tensor'> <class 'torch.Tensor'> <class 'NoneType'> <class 'bool'> <class 'bool'>
<class 'torch.Tensor'> <class 'torch.Tensor'> <class 'torch.Tensor'> <class 'NoneType'> <class 'bool'> <class 'bool'>
<class 'torch.Tensor'> <class 'torch.Tensor'> <class 'torch.Tensor'> <class 'NoneType'> <class 'bool'> <class 'bool'>
loss: 0.015, sparsity: 4.9, meanrate: 0.41 [   45\   50]
<class 'torch.Tensor'> <class 'torch.Tensor'> <class 'torch.Tensor'> <class 'NoneType'> <class 'bool'> <class 'bool'>
<class 'torch.Tensor'> <class 'torch.Tensor'> <class 'torch.Tensor'> <class 'NoneType'> <class 'bool'> <class 'bool'>
<class 'torch.Tensor'> <class 'torch.Tensor'> <class 'torch.Tensor'> <class 'NoneType'> <class 'bool'> <class 'bool'>
<class 'torch.Tensor'> <class 'torch.Tensor'> <class 'torch.Tensor'> <class 'NoneType'> <class 'bool'> <class 'bool'>
loss: 0.019, sparsity: 4.8, meanrate: 0.41 [   49\   50]
Epoch Complete. Back to the cpu
<class 'torch.Tensor'> <class 'torch.Tensor'> <class 'torch.Tensor'> <class 'NoneType'> <class 'bool'> <class 'bool'>
<class 'torch.Tensor'> <class 'torch.Tensor'> <class 'torch.Tensor'> <class 'NoneType'> <class 'bool'> <class 'bool'>
Training Decoder on cpu...
loss: 5.820200 [    0\ 5000]
loss: 3.433446 [  500\ 5000]
loss: 2.820467 [ 1000\ 5000]
loss: 2.472703 [ 1500\ 5000]
loss: 2.240738 [ 2000\ 5000]
loss: 2.079798 [ 2500\ 5000]
loss: 1.950726 [ 3000\ 5000]
loss: 1.900246 [ 3500\ 5000]
loss: 1.831448 [ 4000\ 5000]
loss: 1.771646 [ 4500\ 5000]
loss: 1.723612 [ 4999\ 5000]
Training Complete. Back to the cpu
<class 'torch.Tensor'> <class 'torch.Tensor'> <class 'torch.Tensor'> <class 'NoneType'> <class 'bool'> <class 'bool'>
