wandb not installed, will not log to wandb
Training pRNN on cpu...
loss: 0.033, sparsity: 3.9, meanrate: 0.39 [    0\   50]
loss: 0.021, sparsity: 4.0, meanrate: 0.39 [    5\   50]
loss: 0.017, sparsity: 4.1, meanrate: 0.39 [   10\   50]
loss: 0.014, sparsity: 4.1, meanrate: 0.4 [   15\   50]
loss: 0.014, sparsity: 4.2, meanrate: 0.4 [   20\   50]
loss: 0.015, sparsity: 4.2, meanrate: 0.4 [   25\   50]
loss: 0.017, sparsity: 4.2, meanrate: 0.4 [   30\   50]
loss: 0.019, sparsity: 4.2, meanrate: 0.4 [   35\   50]
loss: 0.016, sparsity: 4.2, meanrate: 0.4 [   40\   50]
loss: 0.016, sparsity: 4.2, meanrate: 0.41 [   45\   50]
loss: 0.017, sparsity: 4.2, meanrate: 0.4 [   49\   50]
Epoch Complete. Back to the cpu
Training Decoder on cpu...
loss: 5.907185 [    0\ 5000]
loss: 4.453052 [  500\ 5000]
loss: 4.197564 [ 1000\ 5000]
loss: 3.997127 [ 1500\ 5000]
loss: 3.861268 [ 2000\ 5000]
loss: 3.791776 [ 2500\ 5000]
loss: 3.702261 [ 3000\ 5000]
loss: 3.660587 [ 3500\ 5000]
loss: 3.606176 [ 4000\ 5000]
loss: 3.587605 [ 4500\ 5000]
loss: 3.541973 [ 4999\ 5000]
Training Complete. Back to the cpu
