wandb not installed, will not log to wandb
Training pRNN on cpu...
loss: 0.03, sparsity: 0.38, meanrate: 0.38 [    0\  500]
loss: 0.015, sparsity: 0.43, meanrate: 0.4 [   50\  500]
loss: 0.015, sparsity: 0.44, meanrate: 0.41 [  100\  500]
loss: 0.014, sparsity: 0.45, meanrate: 0.41 [  150\  500]
loss: 0.013, sparsity: 0.45, meanrate: 0.41 [  200\  500]
loss: 0.014, sparsity: 0.45, meanrate: 0.4 [  250\  500]
loss: 0.014, sparsity: 0.45, meanrate: 0.41 [  300\  500]
loss: 0.012, sparsity: 0.46, meanrate: 0.4 [  350\  500]
loss: 0.013, sparsity: 0.47, meanrate: 0.4 [  400\  500]
loss: 0.011, sparsity: 0.47, meanrate: 0.4 [  450\  500]
loss: 0.013, sparsity: 0.48, meanrate: 0.4 [  499\  500]
Epoch Complete. Back to the cpu
Training Decoder on cpu...
loss: 5.879277 [    0\ 5000]
loss: 3.660003 [  500\ 5000]
loss: 3.214736 [ 1000\ 5000]
loss: 2.944325 [ 1500\ 5000]
loss: 2.770806 [ 2000\ 5000]
loss: 2.651308 [ 2500\ 5000]
loss: 2.539347 [ 3000\ 5000]
loss: 2.464510 [ 3500\ 5000]
loss: 2.410310 [ 4000\ 5000]
loss: 2.344721 [ 4500\ 5000]
loss: 2.315065 [ 4999\ 5000]
Training Complete. Back to the cpu
